[debug] > Exec({file:/D:/akka-test/}akka-test/test, None, None)
[debug] Evaluating tasks: Test / test
[debug] Running task... Cancel: Signal, check cycles: false, forcegc: true
[info] compiling 2 Scala sources to D:\akka-test\target\scala-2.11\classes ...
[info] Non-compiled module 'compiler-bridge_2.11' for Scala 2.11.12. Compiling...
[info]   Compilation completed in 23.304s.
[info] done compiling
[info] compiling 1 Scala source to D:\akka-test\target\scala-2.11\test-classes ...
[warn] there was one feature warning; re-run with -feature for details
[warn] one warning found
[info] done compiling
[info] AkkaDbSpec:
[info] when akkaDb
[info]   is given  a request
[info]   - shoud save to key/value to the map val
[info] Run completed in 1 second, 175 milliseconds.
[info] Total number of tests run: 1
[info] Suites: completed 1, aborted 0
[info] Tests: succeeded 1, failed 0, canceled 0, ignored 0, pending 0
[info] All tests passed.
[success] Total time: 32 s, completed 2020-10-20 22:21:56
[debug] > Exec(idea-shell, None, None)
[debug] > Exec(, None, None)
[debug] > Exec(idea-shell, None, None)
[debug] > Exec(, None, None)
[debug] > Exec(idea-shell, None, None)
[debug] > Exec(, None, None)
[debug] > Exec(idea-shell, None, None)
