[debug] > Exec(early(addDefaultCommands), None, None)
[debug] > Exec(addDefaultCommands, None, None)
[debug] > Exec(early(initialize), None, None)
[debug] > Exec(initialize, None, None)
[debug] > Exec(boot, None, None)
[debug] > Exec(writeSbtVersion, None, None)
[debug] > Exec(reload, None, None)
[debug] > Exec(sbtStashOnFailure, None, None)
[debug] > Exec(onFailure loadFailed, None, None)
[debug] > Exec(loadp, None, None)
[info] welcome to sbt 1.4.0 (Oracle Corporation Java 1.8.0_181)
[debug] Load.defaultLoad until apply took 1407.1777ms
[debug]           Load.loadUnit: plugins took 472.5198ms
[debug]           Load.loadUnit: defsScala took 1.5053ms
[debug] [Loading] Scanning directory D:\akka-test\project
[debug] [Loading] Found non-root projects 
[debug] [Loading] Done in D:\akka-test\project, returning: ()
[debug] deducing auto plugins based on known facts Set(Atom(sbt.plugins.CorePlugin)) and clauses Clauses(List(Clause(Atom(sbt.plugins.JvmPlugin),Set(Atom(sbt.plugins.IvyPlugin))), Clause(Atom(sbt.ScriptedPlugin),Set(Atom(sbt.plugins.JvmPlugin))), Clause(Atom(sbt.plugins.SbtPlugin),Set(Atom(sbt.ScriptedPlugin))), Clause(Atom(sbt.plugins.SemanticdbPlugin),Set(Atom(sbt.plugins.JvmPlugin))), Clause(Atom(sbt.plugins.JUnitXmlReportPlugin),Set(Atom(sbt.plugins.JvmPlugin))), Clause(Atom(sbt.plugins.MiniDependencyTreePlugin),Set(Atom(sbt.plugins.JvmPlugin))), Clause(Atom(sbt.plugins.CorePlugin),Set(Atom(sbt.plugins.IvyPlugin))), Clause(Atom(sbt.plugins.IvyPlugin),Set(Atom(sbt.plugins.JvmPlugin))), Clause(Atom(sbt.plugins.JvmPlugin),Set(Atom(sbt.plugins.SemanticdbPlugin))), Clause(Atom(sbt.plugins.JvmPlugin),Set(Atom(sbt.plugins.JUnitXmlReportPlugin))), Clause(Atom(sbt.plugins.CorePlugin),Set(Atom(sbt.plugins.Giter8TemplatePlugin))), Clause(Atom(sbt.plugins.JvmPlugin),Set(Atom(sbt.plugins.MiniDependencyTreePlugin)))))
[debug]   :: deduced result: Matched(sbt.plugins.CorePlugin,sbt.plugins.Giter8TemplatePlugin,sbt.plugins.IvyPlugin,sbt.plugins.JvmPlugin,sbt.plugins.MiniDependencyTreePlugin,sbt.plugins.JUnitXmlReportPlugin,sbt.plugins.SemanticdbPlugin)
[debug] Plugins.deducer#function took 40.1998 ms
[debug]               Load.resolveProject(akka-test-build) took 98.9031ms
[debug]             Load.loadTransitive: finalizeProject(Project(id akka-test-build, base: D:\akka-test\project, plugins: List(<none>))) took 204.3899ms
[debug] [Loading] Done in D:\akka-test\project, returning: (akka-test-build)
[debug]           Load.loadUnit: loadedProjectsRaw took 261.2278ms
[debug]           Load.loadUnit: cleanEvalClasses took 0.5874ms
[debug]         Load.loadUnit(file:/D:/akka-test/project/, ...) took 747.4663ms
[debug]       Load.apply: load took 1080.2601ms
[debug]       Load.apply: resolveProjects took 10.2281ms
[debug]       Load.apply: finalTransforms took 81.36ms
[debug]       Load.apply: config.delegates took 12.2519ms
[debug]       Load.apply: Def.make(settings)... took 1298.2315ms
[debug]       Load.apply: structureIndex took 206.2468ms
[debug]       Load.apply: mkStreams took 2.8874ms
[info] loading project definition from D:\akka-test\project
[debug] Running task... Cancel: Signal, check cycles: false, forcegc: true
